hacktiv8/build/intermediates/manifest_merge_blame_file/debug/manifest-merger-blame-debug-report.txt
1<?xml version="1.0" encoding="utf-8"?>
2<manifest xmlns:android="http://schemas.android.com/apk/res/android"
3    package="com.belajar.android"
4    android:versionCode="1"
5    android:versionName="1.0" >
6
7    <uses-sdk
8        android:minSdkVersion="21"
8-->src\main\AndroidManifest.xml
9        android:targetSdkVersion="33" />
9-->src\main\AndroidManifest.xml
10
11    <uses-permission android:name="android.permission.INTERNET" />
11-->src\main\AndroidManifest.xml:6:5-67
11-->src\main\AndroidManifest.xml:6:22-64
12
13    <!-- Although the *SdkVersion is captured in gradle build files, this is required for non gradle builds -->
14    <!-- <uses-sdk android:minSdkVersion="14"/> -->
15    <uses-permission android:name="android.permission.ACCESS_NETWORK_STATE" />
15-->[com.google.firebase:firebase-database:20.0.6] AndroidManifest.xml:25:5-79
15-->[com.google.firebase:firebase-database:20.0.6] AndroidManifest.xml:25:22-76
16    <uses-permission android:name="android.permission.WAKE_LOCK" />
16-->[com.google.android.gms:play-services-measurement-api:21.1.1] AndroidManifest.xml:24:5-68
16-->[com.google.android.gms:play-services-measurement-api:21.1.1] AndroidManifest.xml:24:22-65
17    <uses-permission android:name="com.google.android.gms.permission.AD_ID" />
17-->[com.google.android.gms:play-services-measurement-api:21.1.1] AndroidManifest.xml:25:5-79
17-->[com.google.android.gms:play-services-measurement-api:21.1.1] AndroidManifest.xml:25:22-76
18    <uses-permission android:name="com.google.android.finsky.permission.BIND_GET_INSTALL_REFERRER_SERVICE" />
18-->[com.google.android.gms:play-services-measurement:21.1.1] AndroidManifest.xml:26:5-110
18-->[com.google.android.gms:play-services-measurement:21.1.1] AndroidManifest.xml:26:22-107
19
20    <application
20-->src\main\AndroidManifest.xml:8:5-247:19
21        android:allowBackup="true"
21-->src\main\AndroidManifest.xml:9:9-35
22        android:appComponentFactory="androidx.core.app.CoreComponentFactory"
22-->[androidx.core:core:1.8.0] AndroidManifest.xml:24:18-86
23        android:dataExtractionRules="@xml/data_extraction_rules"
23-->src\main\AndroidManifest.xml:10:9-65
24        android:debuggable="true"
25        android:fullBackupContent="@xml/backup_rules"
25-->src\main\AndroidManifest.xml:11:9-54
26        android:icon="@drawable/todolist"
26-->src\main\AndroidManifest.xml:12:9-42
27        android:label="@string/my_todoList"
27-->src\main\AndroidManifest.xml:13:9-44
28        android:roundIcon="@drawable/todolist"
28-->src\main\AndroidManifest.xml:14:9-47
29        android:supportsRtl="true"
29-->src\main\AndroidManifest.xml:15:9-35
30        android:testOnly="true"
31        android:theme="@style/Theme.AppCompat.DayNight"
31-->src\main\AndroidManifest.xml:16:9-56
32        android:usesCleartextTraffic="true" >
32-->src\main\AndroidManifest.xml:17:9-44
33        <activity
33-->src\main\AndroidManifest.xml:19:9-31:20
34            android:name="com.belajar.android.ToDoListApp"
34-->src\main\AndroidManifest.xml:20:13-40
35            android:exported="true" >
35-->src\main\AndroidManifest.xml:21:13-36
36            <intent-filter>
36-->src\main\AndroidManifest.xml:22:13-26:29
37                <action android:name="android.intent.action.MAIN" />
37-->src\main\AndroidManifest.xml:23:17-69
37-->src\main\AndroidManifest.xml:23:25-66
38
39                <category android:name="android.intent.category.LAUNCHER" />
39-->src\main\AndroidManifest.xml:25:17-77
39-->src\main\AndroidManifest.xml:25:27-74
40            </intent-filter>
41
42            <meta-data
42-->src\main\AndroidManifest.xml:28:13-30:36
43                android:name="android.app.lib_name"
43-->src\main\AndroidManifest.xml:29:17-52
44                android:value="" />
44-->src\main\AndroidManifest.xml:30:17-33
45        </activity>
46        <activity
46-->src\main\AndroidManifest.xml:32:9-38:20
47            android:name="com.belajar.android.CDRetrofitMain"
47-->src\main\AndroidManifest.xml:33:13-43
48            android:exported="true" >
48-->src\main\AndroidManifest.xml:34:13-36
49            <meta-data
49-->src\main\AndroidManifest.xml:28:13-30:36
50                android:name="android.app.lib_name"
50-->src\main\AndroidManifest.xml:29:17-52
51                android:value="" />
51-->src\main\AndroidManifest.xml:30:17-33
52        </activity>
53        <activity
53-->src\main\AndroidManifest.xml:39:9-45:20
54            android:name="com.belajar.android.CovidTrackerAppMainActivity"
54-->src\main\AndroidManifest.xml:40:13-56
55            android:exported="true" >
55-->src\main\AndroidManifest.xml:41:13-36
56            <meta-data
56-->src\main\AndroidManifest.xml:28:13-30:36
57                android:name="android.app.lib_name"
57-->src\main\AndroidManifest.xml:29:17-52
58                android:value="" />
58-->src\main\AndroidManifest.xml:30:17-33
59        </activity>
60        <activity
60-->src\main\AndroidManifest.xml:46:9-52:20
61            android:name="com.belajar.android.RetrofitMainActivity"
61-->src\main\AndroidManifest.xml:47:13-49
62            android:exported="true" >
62-->src\main\AndroidManifest.xml:48:13-36
63            <meta-data
63-->src\main\AndroidManifest.xml:28:13-30:36
64                android:name="android.app.lib_name"
64-->src\main\AndroidManifest.xml:29:17-52
65                android:value="" />
65-->src\main\AndroidManifest.xml:30:17-33
66        </activity>
67        <activity
67-->src\main\AndroidManifest.xml:53:9-59:20
68            android:name="com.belajar.android.NotificationTestMain"
68-->src\main\AndroidManifest.xml:54:13-49
69            android:exported="true" >
69-->src\main\AndroidManifest.xml:55:13-36
70            <meta-data
70-->src\main\AndroidManifest.xml:28:13-30:36
71                android:name="android.app.lib_name"
71-->src\main\AndroidManifest.xml:29:17-52
72                android:value="" />
72-->src\main\AndroidManifest.xml:30:17-33
73        </activity>
74
75        <receiver
75-->src\main\AndroidManifest.xml:61:9-67:20
76            android:name="com.belajar.android.NotificationTestReceiver"
76-->src\main\AndroidManifest.xml:62:13-53
77            android:exported="true" >
77-->src\main\AndroidManifest.xml:63:13-36
78            <intent-filter>
78-->src\main\AndroidManifest.xml:64:13-66:29
79                <category android:name="android.intent.category.DEFAULT" />
79-->src\main\AndroidManifest.xml:65:17-76
79-->src\main\AndroidManifest.xml:65:27-73
80            </intent-filter>
81        </receiver> <!--  -->
82        <activity
82-->src\main\AndroidManifest.xml:68:9-70:39
83            android:name="com.belajar.android.SQLiteMainActivity"
83-->src\main\AndroidManifest.xml:69:13-47
84            android:exported="true" />
84-->src\main\AndroidManifest.xml:70:13-36
85        <activity
85-->src\main\AndroidManifest.xml:71:9-74:45
86            android:name="com.belajar.android.BackgroundServices"
86-->src\main\AndroidManifest.xml:72:13-47
87            android:exported="false" />
87-->src\main\AndroidManifest.xml:73:13-37
88        <activity
88-->src\main\AndroidManifest.xml:75:9-77:39
89            android:name="com.belajar.android.BackgroundProcessing"
89-->src\main\AndroidManifest.xml:76:13-49
90            android:exported="true" />
90-->src\main\AndroidManifest.xml:77:13-36
91        <activity
91-->src\main\AndroidManifest.xml:78:9-80:39
92            android:name="com.belajar.android.DelightfulUserExperiences"
92-->src\main\AndroidManifest.xml:79:13-54
93            android:exported="true" />
93-->src\main\AndroidManifest.xml:80:13-36
94        <activity
94-->src\main\AndroidManifest.xml:81:9-83:40
95            android:name="com.belajar.android.UserInteraction2"
95-->src\main\AndroidManifest.xml:82:13-45
96            android:exported="false" />
96-->src\main\AndroidManifest.xml:83:13-37
97        <activity
97-->src\main\AndroidManifest.xml:84:9-94:20
98            android:name="com.belajar.android.UserInteraction"
98-->src\main\AndroidManifest.xml:85:13-44
99            android:exported="true" >
99-->src\main\AndroidManifest.xml:86:13-36
100
101            <!-- <intent-filter> -->
102            <!-- <action android:name="android.intent.action.MAIN" /> -->
103
104
105            <!-- <category android:name="android.intent.category.LAUNCHER" /> -->
106            <!-- </intent-filter> -->
107        </activity>
108        <activity
108-->src\main\AndroidManifest.xml:95:9-105:20
109            android:name="com.belajar.android.CounterHomework"
109-->src\main\AndroidManifest.xml:96:13-44
110            android:exported="true" >
110-->src\main\AndroidManifest.xml:97:13-36
111
112            <!-- <intent-filter> -->
113            <!-- <action android:name="android.intent.action.MAIN" /> -->
114
115
116            <!-- <category android:name="android.intent.category.LAUNCHER" /> -->
117            <!-- </intent-filter> -->
118        </activity>
119        <activity
119-->src\main\AndroidManifest.xml:106:9-116:20
120            android:name="com.belajar.android.HacktivLayoutViewConstraint"
120-->src\main\AndroidManifest.xml:107:13-56
121            android:exported="true" >
121-->src\main\AndroidManifest.xml:108:13-36
122
123            <!-- <intent-filter> -->
124            <!-- <action android:name="android.intent.action.MAIN" /> -->
125            <!--  -->
126            <!-- <category android:name="android.intent.category.LAUNCHER" /> -->
127            <!--  -->
128            <!-- </intent-filter> -->
129        </activity>
130        <activity
130-->src\main\AndroidManifest.xml:117:9-127:20
131            android:name="com.belajar.android.HacktivLayoutViewRelative"
131-->src\main\AndroidManifest.xml:118:13-54
132            android:exported="true" >
132-->src\main\AndroidManifest.xml:119:13-36
133
134            <!-- <intent-filter> -->
135            <!-- <action android:name="android.intent.action.MAIN" /> -->
136
137
138            <!-- <category android:name="android.intent.category.LAUNCHER" /> -->
139            <!-- </intent-filter> -->
140        </activity>
141        <activity
141-->src\main\AndroidManifest.xml:128:9-138:20
142            android:name="com.belajar.android.HacktivLayoutViewLinear"
142-->src\main\AndroidManifest.xml:129:13-52
143            android:exported="true" >
143-->src\main\AndroidManifest.xml:130:13-36
144
145            <!-- <intent-filter> -->
146            <!-- <action android:name="android.intent.action.MAIN" /> -->
147
148
149            <!-- <category android:name="android.intent.category.LAUNCHER" /> -->
150            <!-- </intent-filter> -->
151        </activity>
152        <activity
152-->src\main\AndroidManifest.xml:139:9-141:39
153            android:name="com.belajar.android.HacktivSesi6_view"
153-->src\main\AndroidManifest.xml:140:13-46
154            android:exported="true" />
154-->src\main\AndroidManifest.xml:141:13-36
155        <activity
155-->src\main\AndroidManifest.xml:142:9-152:20
156            android:name="com.belajar.android.HacktivSesi6_main"
156-->src\main\AndroidManifest.xml:143:13-46
157            android:exported="true" >
157-->src\main\AndroidManifest.xml:144:13-36
158
159            <!-- <intent-filter> -->
160            <!-- <action android:name="android.intent.action.MAIN" /> -->
161
162
163            <!-- <category android:name="android.intent.category.LAUNCHER" /> -->
164            <!-- </intent-filter> -->
165        </activity>
166        <activity
166-->src\main\AndroidManifest.xml:153:9-155:40
167            android:name="com.belajar.android.MainActivity"
167-->src\main\AndroidManifest.xml:154:13-41
168            android:exported="false" />
168-->src\main\AndroidManifest.xml:155:13-37
169        <activity
169-->src\main\AndroidManifest.xml:156:9-158:39
170            android:name="com.belajar.android.IntentApp2"
170-->src\main\AndroidManifest.xml:157:13-39
171            android:exported="true" />
171-->src\main\AndroidManifest.xml:158:13-36
172        <activity
172-->src\main\AndroidManifest.xml:159:9-169:20
173            android:name="com.belajar.android.IntentApp"
173-->src\main\AndroidManifest.xml:160:13-38
174            android:exported="true" >
174-->src\main\AndroidManifest.xml:161:13-36
175
176            <!-- <intent-filter> -->
177            <!-- <action android:name="android.intent.action.MAIN" /> -->
178
179
180            <!-- <category android:name="android.intent.category.LAUNCHER" /> -->
181            <!-- </intent-filter> -->
182        </activity>
183        <activity
183-->src\main\AndroidManifest.xml:170:9-180:20
184            android:name="com.belajar.android.RadioButtons"
184-->src\main\AndroidManifest.xml:171:13-41
185            android:exported="true" >
185-->src\main\AndroidManifest.xml:172:13-36
186
187            <!-- <intent-filter> -->
188            <!-- <action android:name="android.intent.action.MAIN" /> -->
189
190
191            <!-- <category android:name="android.intent.category.LAUNCHER" /> -->
192            <!-- </intent-filter> -->
193        </activity>
194        <activity
194-->src\main\AndroidManifest.xml:181:9-191:20
195            android:name="com.belajar.android.CheckButton"
195-->src\main\AndroidManifest.xml:182:13-40
196            android:exported="true" >
196-->src\main\AndroidManifest.xml:183:13-36
197
198            <!-- <intent-filter> -->
199            <!-- <action android:name="android.intent.action.MAIN" /> -->
200
201
202            <!-- <category android:name="android.intent.category.LAUNCHER" /> -->
203            <!-- </intent-filter> -->
204        </activity>
205        <activity
205-->src\main\AndroidManifest.xml:192:9-202:20
206            android:name="com.belajar.android.ImagesView"
206-->src\main\AndroidManifest.xml:193:13-39
207            android:exported="true" >
207-->src\main\AndroidManifest.xml:194:13-36
208
209            <!-- <intent-filter> -->
210            <!-- <action android:name="android.intent.action.MAIN" /> -->
211
212
213            <!-- <category android:name="android.intent.category.LAUNCHER" /> -->
214            <!-- </intent-filter> -->
215        </activity>
216        <activity
216-->src\main\AndroidManifest.xml:203:9-213:20
217            android:name="com.belajar.android.EditText"
217-->src\main\AndroidManifest.xml:204:13-37
218            android:exported="true" >
218-->src\main\AndroidManifest.xml:205:13-36
219
220            <!-- <intent-filter> -->
221            <!-- <action android:name="android.intent.action.MAIN" /> -->
222
223
224            <!-- <category android:name="android.intent.category.LAUNCHER" /> -->
225            <!-- </intent-filter> -->
226        </activity>
227        <activity
227-->src\main\AndroidManifest.xml:214:9-224:20
228            android:name="com.belajar.android.Buttons"
228-->src\main\AndroidManifest.xml:215:13-36
229            android:exported="true" >
229-->src\main\AndroidManifest.xml:216:13-36
230
231            <!-- <intent-filter> -->
232            <!-- <action android:name="android.intent.action.MAIN" /> -->
233
234
235            <!-- <category android:name="android.intent.category.LAUNCHER" /> -->
236            <!-- </intent-filter> -->
237        </activity>
238        <activity
238-->src\main\AndroidManifest.xml:225:9-235:20
239            android:name="com.belajar.android.TextViews"
239-->src\main\AndroidManifest.xml:226:13-38
240            android:exported="true" >
240-->src\main\AndroidManifest.xml:227:13-36
241
242            <!-- <intent-filter> -->
243            <!-- <action android:name="android.intent.action.MAIN" /> -->
244
245
246            <!-- <category android:name="android.intent.category.LAUNCHER" /> -->
247            <!-- </intent-filter> -->
248        </activity>
249        <activity
249-->src\main\AndroidManifest.xml:236:9-246:20
250            android:name="com.belajar.android.Layouts"
250-->src\main\AndroidManifest.xml:237:13-36
251            android:exported="true" >
251-->src\main\AndroidManifest.xml:238:13-36
252
253            <!-- <intent-filter> -->
254            <!-- <action android:name="android.intent.action.MAIN" /> -->
255
256
257            <!-- <category android:name="android.intent.category.LAUNCHER" /> -->
258            <!-- </intent-filter> -->
259        </activity>
260
261        <service
261-->[com.google.firebase:firebase-database:20.0.6] AndroidManifest.xml:29:9-35:19
262            android:name="com.google.firebase.components.ComponentDiscoveryService"
262-->[com.google.firebase:firebase-database:20.0.6] AndroidManifest.xml:30:13-84
263            android:directBootAware="true"
263-->[com.google.firebase:firebase-common:20.1.2] AndroidManifest.xml:35:13-43
264            android:exported="false" >
264-->[com.google.firebase:firebase-database:20.0.6] AndroidManifest.xml:31:13-37
265            <meta-data
265-->[com.google.firebase:firebase-database:20.0.6] AndroidManifest.xml:32:13-34:85
266                android:name="com.google.firebase.components:com.google.firebase.database.DatabaseRegistrar"
266-->[com.google.firebase:firebase-database:20.0.6] AndroidManifest.xml:33:17-109
267                android:value="com.google.firebase.components.ComponentRegistrar" />
267-->[com.google.firebase:firebase-database:20.0.6] AndroidManifest.xml:34:17-82
268            <meta-data
268-->[com.google.firebase:firebase-auth:21.0.8] AndroidManifest.xml:67:13-69:85
269                android:name="com.google.firebase.components:com.google.firebase.auth.FirebaseAuthRegistrar"
269-->[com.google.firebase:firebase-auth:21.0.8] AndroidManifest.xml:68:17-109
270                android:value="com.google.firebase.components.ComponentRegistrar" />
270-->[com.google.firebase:firebase-auth:21.0.8] AndroidManifest.xml:69:17-82
271            <meta-data
271-->[com.google.android.gms:play-services-measurement-api:21.1.1] AndroidManifest.xml:31:13-33:85
272                android:name="com.google.firebase.components:com.google.firebase.analytics.connector.internal.AnalyticsConnectorRegistrar"
272-->[com.google.android.gms:play-services-measurement-api:21.1.1] AndroidManifest.xml:32:17-139
273                android:value="com.google.firebase.components.ComponentRegistrar" />
273-->[com.google.android.gms:play-services-measurement-api:21.1.1] AndroidManifest.xml:33:17-82
274            <meta-data
274-->[com.google.firebase:firebase-installations:17.0.2] AndroidManifest.xml:18:13-20:85
275                android:name="com.google.firebase.components:com.google.firebase.installations.FirebaseInstallationsRegistrar"
275-->[com.google.firebase:firebase-installations:17.0.2] AndroidManifest.xml:19:17-127
276                android:value="com.google.firebase.components.ComponentRegistrar" />
276-->[com.google.firebase:firebase-installations:17.0.2] AndroidManifest.xml:20:17-82
277        </service>
278
279        <provider
279-->[com.squareup.picasso:picasso:2.8] AndroidManifest.xml:8:9-11:40
280            android:name="com.squareup.picasso.PicassoProvider"
280-->[com.squareup.picasso:picasso:2.8] AndroidManifest.xml:9:13-64
281            android:authorities="com.belajar.android.com.squareup.picasso"
281-->[com.squareup.picasso:picasso:2.8] AndroidManifest.xml:10:13-72
282            android:exported="false" />
282-->[com.squareup.picasso:picasso:2.8] AndroidManifest.xml:11:13-37
283
284        <activity
284-->[com.google.firebase:firebase-auth:21.0.8] AndroidManifest.xml:27:9-44:20
285            android:name="com.google.firebase.auth.internal.GenericIdpActivity"
285-->[com.google.firebase:firebase-auth:21.0.8] AndroidManifest.xml:28:13-80
286            android:excludeFromRecents="true"
286-->[com.google.firebase:firebase-auth:21.0.8] AndroidManifest.xml:29:13-46
287            android:exported="true"
287-->[com.google.firebase:firebase-auth:21.0.8] AndroidManifest.xml:30:13-36
288            android:launchMode="singleTask"
288-->[com.google.firebase:firebase-auth:21.0.8] AndroidManifest.xml:31:13-44
289            android:theme="@android:style/Theme.Translucent.NoTitleBar" >
289-->[com.google.firebase:firebase-auth:21.0.8] AndroidManifest.xml:32:13-72
290            <intent-filter>
290-->[com.google.firebase:firebase-auth:21.0.8] AndroidManifest.xml:33:13-43:29
291                <action android:name="android.intent.action.VIEW" />
291-->[com.google.firebase:firebase-auth:21.0.8] AndroidManifest.xml:34:17-69
291-->[com.google.firebase:firebase-auth:21.0.8] AndroidManifest.xml:34:25-66
292
293                <category android:name="android.intent.category.DEFAULT" />
293-->src\main\AndroidManifest.xml:65:17-76
293-->src\main\AndroidManifest.xml:65:27-73
294                <category android:name="android.intent.category.BROWSABLE" />
294-->[com.google.firebase:firebase-auth:21.0.8] AndroidManifest.xml:37:17-78
294-->[com.google.firebase:firebase-auth:21.0.8] AndroidManifest.xml:37:27-75
295
296                <data
296-->[com.google.firebase:firebase-auth:21.0.8] AndroidManifest.xml:39:17-42:51
297                    android:host="firebase.auth"
297-->[com.google.firebase:firebase-auth:21.0.8] AndroidManifest.xml:40:21-49
298                    android:path="/"
298-->[com.google.firebase:firebase-auth:21.0.8] AndroidManifest.xml:41:21-37
299                    android:scheme="genericidp" />
299-->[com.google.firebase:firebase-auth:21.0.8] AndroidManifest.xml:42:21-48
300            </intent-filter>
301        </activity>
302        <activity
302-->[com.google.firebase:firebase-auth:21.0.8] AndroidManifest.xml:45:9-62:20
303            android:name="com.google.firebase.auth.internal.RecaptchaActivity"
303-->[com.google.firebase:firebase-auth:21.0.8] AndroidManifest.xml:46:13-79
304            android:excludeFromRecents="true"
304-->[com.google.firebase:firebase-auth:21.0.8] AndroidManifest.xml:47:13-46
305            android:exported="true"
305-->[com.google.firebase:firebase-auth:21.0.8] AndroidManifest.xml:48:13-36
306            android:launchMode="singleTask"
306-->[com.google.firebase:firebase-auth:21.0.8] AndroidManifest.xml:49:13-44
307            android:theme="@android:style/Theme.Translucent.NoTitleBar" >
307-->[com.google.firebase:firebase-auth:21.0.8] AndroidManifest.xml:50:13-72
308            <intent-filter>
308-->[com.google.firebase:firebase-auth:21.0.8] AndroidManifest.xml:51:13-61:29
309                <action android:name="android.intent.action.VIEW" />
309-->[com.google.firebase:firebase-auth:21.0.8] AndroidManifest.xml:34:17-69
309-->[com.google.firebase:firebase-auth:21.0.8] AndroidManifest.xml:34:25-66
310
311                <category android:name="android.intent.category.DEFAULT" />
311-->src\main\AndroidManifest.xml:65:17-76
311-->src\main\AndroidManifest.xml:65:27-73
312                <category android:name="android.intent.category.BROWSABLE" />
312-->[com.google.firebase:firebase-auth:21.0.8] AndroidManifest.xml:37:17-78
312-->[com.google.firebase:firebase-auth:21.0.8] AndroidManifest.xml:37:27-75
313
314                <data
314-->[com.google.firebase:firebase-auth:21.0.8] AndroidManifest.xml:39:17-42:51
315                    android:host="firebase.auth"
315-->[com.google.firebase:firebase-auth:21.0.8] AndroidManifest.xml:40:21-49
316                    android:path="/"
316-->[com.google.firebase:firebase-auth:21.0.8] AndroidManifest.xml:41:21-37
317                    android:scheme="recaptcha" />
317-->[com.google.firebase:firebase-auth:21.0.8] AndroidManifest.xml:42:21-48
318            </intent-filter>
319        </activity>
320
321        <provider
321-->[com.google.firebase:firebase-common:20.1.2] AndroidManifest.xml:26:9-31:39
322            android:name="com.google.firebase.provider.FirebaseInitProvider"
322-->[com.google.firebase:firebase-common:20.1.2] AndroidManifest.xml:27:13-77
323            android:authorities="com.belajar.android.firebaseinitprovider"
323-->[com.google.firebase:firebase-common:20.1.2] AndroidManifest.xml:28:13-72
324            android:directBootAware="true"
324-->[com.google.firebase:firebase-common:20.1.2] AndroidManifest.xml:29:13-43
325            android:exported="false"
325-->[com.google.firebase:firebase-common:20.1.2] AndroidManifest.xml:30:13-37
326            android:initOrder="100" />
326-->[com.google.firebase:firebase-common:20.1.2] AndroidManifest.xml:31:13-36
327
328        <activity
328-->[com.google.android.gms:play-services-base:18.0.1] AndroidManifest.xml:20:9-22:45
329            android:name="com.google.android.gms.common.api.GoogleApiActivity"
329-->[com.google.android.gms:play-services-base:18.0.1] AndroidManifest.xml:20:19-85
330            android:exported="false"
330-->[com.google.android.gms:play-services-base:18.0.1] AndroidManifest.xml:22:19-43
331            android:theme="@android:style/Theme.Translucent.NoTitleBar" />
331-->[com.google.android.gms:play-services-base:18.0.1] AndroidManifest.xml:21:19-78
332
333        <receiver
333-->[com.google.android.gms:play-services-measurement:21.1.1] AndroidManifest.xml:29:9-33:20
334            android:name="com.google.android.gms.measurement.AppMeasurementReceiver"
334-->[com.google.android.gms:play-services-measurement:21.1.1] AndroidManifest.xml:30:13-85
335            android:enabled="true"
335-->[com.google.android.gms:play-services-measurement:21.1.1] AndroidManifest.xml:31:13-35
336            android:exported="false" >
336-->[com.google.android.gms:play-services-measurement:21.1.1] AndroidManifest.xml:32:13-37
337        </receiver>
338
339        <service
339-->[com.google.android.gms:play-services-measurement:21.1.1] AndroidManifest.xml:35:9-38:40
340            android:name="com.google.android.gms.measurement.AppMeasurementService"
340-->[com.google.android.gms:play-services-measurement:21.1.1] AndroidManifest.xml:36:13-84
341            android:enabled="true"
341-->[com.google.android.gms:play-services-measurement:21.1.1] AndroidManifest.xml:37:13-35
342            android:exported="false" />
342-->[com.google.android.gms:play-services-measurement:21.1.1] AndroidManifest.xml:38:13-37
343        <service
343-->[com.google.android.gms:play-services-measurement:21.1.1] AndroidManifest.xml:39:9-43:72
344            android:name="com.google.android.gms.measurement.AppMeasurementJobService"
344-->[com.google.android.gms:play-services-measurement:21.1.1] AndroidManifest.xml:40:13-87
345            android:enabled="true"
345-->[com.google.android.gms:play-services-measurement:21.1.1] AndroidManifest.xml:41:13-35
346            android:exported="false"
346-->[com.google.android.gms:play-services-measurement:21.1.1] AndroidManifest.xml:42:13-37
347            android:permission="android.permission.BIND_JOB_SERVICE" />
347-->[com.google.android.gms:play-services-measurement:21.1.1] AndroidManifest.xml:43:13-69
348
349        <meta-data
349-->[com.google.android.gms:play-services-basement:18.1.0] AndroidManifest.xml:21:9-23:69
350            android:name="com.google.android.gms.version"
350-->[com.google.android.gms:play-services-basement:18.1.0] AndroidManifest.xml:22:13-58
351            android:value="@integer/google_play_services_version" />
351-->[com.google.android.gms:play-services-basement:18.1.0] AndroidManifest.xml:23:13-66
352
353        <provider
353-->[androidx.emoji2:emoji2:1.2.0] AndroidManifest.xml:24:9-32:20
354            android:name="androidx.startup.InitializationProvider"
354-->[androidx.emoji2:emoji2:1.2.0] AndroidManifest.xml:25:13-67
355            android:authorities="com.belajar.android.androidx-startup"
355-->[androidx.emoji2:emoji2:1.2.0] AndroidManifest.xml:26:13-68
356            android:exported="false" >
356-->[androidx.emoji2:emoji2:1.2.0] AndroidManifest.xml:27:13-37
357            <meta-data
357-->[androidx.emoji2:emoji2:1.2.0] AndroidManifest.xml:29:13-31:52
358                android:name="androidx.emoji2.text.EmojiCompatInitializer"
358-->[androidx.emoji2:emoji2:1.2.0] AndroidManifest.xml:30:17-75
359                android:value="androidx.startup" />
359-->[androidx.emoji2:emoji2:1.2.0] AndroidManifest.xml:31:17-49
360            <meta-data
360-->[androidx.lifecycle:lifecycle-process:2.4.1] AndroidManifest.xml:31:13-33:52
361                android:name="androidx.lifecycle.ProcessLifecycleInitializer"
361-->[androidx.lifecycle:lifecycle-process:2.4.1] AndroidManifest.xml:32:17-78
362                android:value="androidx.startup" />
362-->[androidx.lifecycle:lifecycle-process:2.4.1] AndroidManifest.xml:33:17-49
363        </provider>
364    </application>
365
366</manifest>